<?xml version="1.0" encoding="UTF-8"?>
<testng-results skipped="0" failed="1" ignored="0" total="3" passed="2">
  <reporter-output>
  </reporter-output>
  <suite name="Suite1" duration-ms="39193" started-at="2018-01-08T04:39:48Z" finished-at="2018-01-08T04:40:27Z">
    <groups>
      <group name="cucumber">
        <method signature="AbstractTestNGCucumberTests.feature(cucumber.api.testng.CucumberFeatureWrapper)[pri:0, instance:com.testngrunner.LoginRunner@1068e947]" name="feature" class="cucumber.api.testng.AbstractTestNGCucumberTests"/>
        <method signature="AbstractTestNGCucumberTests.feature(cucumber.api.testng.CucumberFeatureWrapper)[pri:0, instance:com.testngrunner.TestNGRunner@7dc222ae]" name="feature" class="cucumber.api.testng.AbstractTestNGCucumberTests"/>
        <method signature="AbstractTestNGCucumberTests.feature(cucumber.api.testng.CucumberFeatureWrapper)[pri:0, instance:com.testngrunner.TestNGRunnerOutLine@aecb35a]" name="feature" class="cucumber.api.testng.AbstractTestNGCucumberTests"/>
      </group> <!-- cucumber -->
    </groups>
    <test name="Nopackage" duration-ms="39193" started-at="2018-01-08T04:39:48Z" finished-at="2018-01-08T04:40:27Z">
      <class name="com.testngrunner.TestNGRunnerOutLine">
        <test-method status="PASS" signature="setUpClass()[pri:0, instance:com.testngrunner.TestNGRunnerOutLine@aecb35a]" name="setUpClass" is-config="true" duration-ms="14" started-at="2018-01-07T23:39:58Z" finished-at="2018-01-07T23:39:58Z">
          <reporter-output>
          </reporter-output>
        </test-method> <!-- setUpClass -->
        <test-method status="PASS" signature="feature(cucumber.api.testng.CucumberFeatureWrapper)[pri:0, instance:com.testngrunner.TestNGRunnerOutLine@aecb35a]" name="feature" duration-ms="29356" started-at="2018-01-07T23:39:58Z" description="Runs Cucumber Feature" data-provider="features" finished-at="2018-01-07T23:40:27Z">
          <params>
            <param index="0">
              <value>
                <![CDATA[Login function validation]]>
              </value>
            </param>
          </params>
          <reporter-output>
          </reporter-output>
        </test-method> <!-- feature -->
        <test-method status="PASS" signature="tearDownClass()[pri:0, instance:com.testngrunner.TestNGRunnerOutLine@aecb35a]" name="tearDownClass" is-config="true" duration-ms="105" started-at="2018-01-07T23:40:27Z" finished-at="2018-01-07T23:40:27Z">
          <reporter-output>
          </reporter-output>
        </test-method> <!-- tearDownClass -->
      </class> <!-- com.testngrunner.TestNGRunnerOutLine -->
      <class name="com.testngrunner.TestNGRunner">
        <test-method status="PASS" signature="setUpClass()[pri:0, instance:com.testngrunner.TestNGRunner@7dc222ae]" name="setUpClass" is-config="true" duration-ms="28" started-at="2018-01-07T23:39:49Z" finished-at="2018-01-07T23:39:49Z">
          <reporter-output>
          </reporter-output>
        </test-method> <!-- setUpClass -->
        <test-method status="PASS" signature="feature(cucumber.api.testng.CucumberFeatureWrapper)[pri:0, instance:com.testngrunner.TestNGRunner@7dc222ae]" name="feature" duration-ms="8897" started-at="2018-01-07T23:39:49Z" description="Runs Cucumber Feature" data-provider="features" finished-at="2018-01-07T23:39:58Z">
          <params>
            <param index="0">
              <value>
                <![CDATA[User registration]]>
              </value>
            </param>
          </params>
          <reporter-output>
          </reporter-output>
        </test-method> <!-- feature -->
        <test-method status="PASS" signature="tearDownClass()[pri:0, instance:com.testngrunner.TestNGRunner@7dc222ae]" name="tearDownClass" is-config="true" duration-ms="68" started-at="2018-01-07T23:39:58Z" finished-at="2018-01-07T23:39:58Z">
          <reporter-output>
          </reporter-output>
        </test-method> <!-- tearDownClass -->
      </class> <!-- com.testngrunner.TestNGRunner -->
      <class name="com.testngrunner.LoginRunner">
        <test-method status="PASS" signature="setUpClass()[pri:0, instance:com.testngrunner.LoginRunner@1068e947]" name="setUpClass" is-config="true" duration-ms="282" started-at="2018-01-07T23:39:48Z" finished-at="2018-01-07T23:39:48Z">
          <reporter-output>
          </reporter-output>
        </test-method> <!-- setUpClass -->
        <test-method status="FAIL" signature="feature(cucumber.api.testng.CucumberFeatureWrapper)[pri:0, instance:com.testngrunner.LoginRunner@1068e947]" name="feature" duration-ms="188" started-at="2018-01-07T23:39:48Z" description="Runs Cucumber Feature" data-provider="features" finished-at="2018-01-07T23:39:49Z">
          <params>
            <param index="0">
              <value>
                <![CDATA[As a admin login homepage]]>
              </value>
            </param>
          </params>
          <exception class="cucumber.runtime.CucumberException">
            <message>
              <![CDATA[java.lang.IllegalStateException: The path to the driver executable must be set by the webdriver.chrome.driver system property; for more information, see https://github.com/SeleniumHQ/selenium/wiki/ChromeDriver. The latest version can be downloaded from http://chromedriver.storage.googleapis.com/index.html]]>
            </message>
            <full-stacktrace>
              <![CDATA[cucumber.runtime.CucumberException: java.lang.IllegalStateException: The path to the driver executable must be set by the webdriver.chrome.driver system property; for more information, see https://github.com/SeleniumHQ/selenium/wiki/ChromeDriver. The latest version can be downloaded from http://chromedriver.storage.googleapis.com/index.htmlat cucumber.api.testng.TestNGCucumberRunner.runCucumber(TestNGCucumberRunner.java:69)at cucumber.api.testng.AbstractTestNGCucumberTests.feature(AbstractTestNGCucumberTests.java:21)at sun.reflect.NativeMethodAccessorImpl.invoke0(Native Method)at sun.reflect.NativeMethodAccessorImpl.invoke(NativeMethodAccessorImpl.java:62)at sun.reflect.DelegatingMethodAccessorImpl.invoke(DelegatingMethodAccessorImpl.java:43)at java.lang.reflect.Method.invoke(Method.java:498)at org.testng.internal.MethodInvocationHelper.invokeMethod(MethodInvocationHelper.java:124)at org.testng.internal.Invoker.invokeMethod(Invoker.java:571)at org.testng.internal.Invoker.invokeTestMethod(Invoker.java:707)at org.testng.internal.Invoker.invokeTestMethods(Invoker.java:979)at org.testng.internal.TestMethodWorker.invokeTestMethods(TestMethodWorker.java:125)at org.testng.internal.TestMethodWorker.run(TestMethodWorker.java:109)at org.testng.TestRunner.privateRun(TestRunner.java:648)at org.testng.TestRunner.run(TestRunner.java:505)at org.testng.SuiteRunner.runTest(SuiteRunner.java:455)at org.testng.SuiteRunner.runSequentially(SuiteRunner.java:450)at org.testng.SuiteRunner.privateRun(SuiteRunner.java:415)at org.testng.SuiteRunner.run(SuiteRunner.java:364)at org.testng.SuiteRunnerWorker.runSuite(SuiteRunnerWorker.java:52)at org.testng.SuiteRunnerWorker.run(SuiteRunnerWorker.java:84)at org.testng.TestNG.runSuitesSequentially(TestNG.java:1187)at org.testng.TestNG.runSuitesLocally(TestNG.java:1116)at org.testng.TestNG.runSuites(TestNG.java:1028)at org.testng.TestNG.run(TestNG.java:996)at org.testng.remote.AbstractRemoteTestNG.run(AbstractRemoteTestNG.java:114)at org.testng.remote.RemoteTestNG.initAndRun(RemoteTestNG.java:251)at org.testng.remote.RemoteTestNG.main(RemoteTestNG.java:77)Caused by: java.lang.IllegalStateException: The path to the driver executable must be set by the webdriver.chrome.driver system property; for more information, see https://github.com/SeleniumHQ/selenium/wiki/ChromeDriver. The latest version can be downloaded from http://chromedriver.storage.googleapis.com/index.htmlat com.google.common.base.Preconditions.checkState(Preconditions.java:469)at org.openqa.selenium.remote.service.DriverService.findExecutable(DriverService.java:109)at org.openqa.selenium.chrome.ChromeDriverService.access$000(ChromeDriverService.java:32)at org.openqa.selenium.chrome.ChromeDriverService$Builder.findDefaultExecutable(ChromeDriverService.java:137)at org.openqa.selenium.remote.service.DriverService$Builder.build(DriverService.java:296)at org.openqa.selenium.chrome.ChromeDriverService.createDefaultService(ChromeDriverService.java:88)at org.openqa.selenium.chrome.ChromeDriver.<init>(ChromeDriver.java:116)at com.stefdefination.LoginStepDef.admin_visit_homepage(LoginStepDef.java:15)at âœ½.Given Admin visit homepage(Login.feature:6)]]>
            </full-stacktrace>
          </exception> <!-- cucumber.runtime.CucumberException -->
          <reporter-output>
          </reporter-output>
        </test-method> <!-- feature -->
        <test-method status="PASS" signature="tearDownClass()[pri:0, instance:com.testngrunner.LoginRunner@1068e947]" name="tearDownClass" is-config="true" duration-ms="105" started-at="2018-01-07T23:39:49Z" finished-at="2018-01-07T23:39:49Z">
          <reporter-output>
          </reporter-output>
        </test-method> <!-- tearDownClass -->
      </class> <!-- com.testngrunner.LoginRunner -->
    </test> <!-- Nopackage -->
  </suite> <!-- Suite1 -->
</testng-results>
